<?xml version="1.0" encoding="UTF-8"?>
<!-- Generated by org.testng.reporters.JUnitReportReporter -->
<testsuite skipped="2" hostname="IN-MH1LPW101320" name="com.testng.basics.GoogleTest" tests="3" failures="0" timestamp="2020-09-10T22:04:10 IST" time="21.089" errors="0">
  <testcase name="contactSalesLinkDisplayedTest" time="21.089" classname="com.testng.basics.GoogleTest"/>
  <system-out/>
  <testcase name="orangeHrmLogoDisplayedTest" classname="com.testng.basics.GoogleTest">
    <skipped/>
  </testcase> <!-- orangeHrmLogoDisplayedTest -->
  <system-out/>
  <testcase name="orangeHrmTitleTest" classname="com.testng.basics.GoogleTest">
    <skipped/>
  </testcase> <!-- orangeHrmTitleTest -->
  <system-out/>
</testsuite> <!-- com.testng.basics.GoogleTest -->
