<?xml version="1.0" encoding="UTF-8"?>
<!-- Generated by org.testng.reporters.JUnitReportReporter -->
<testsuite skipped="0" hostname="IN-MH1LPW101320" name="com.testng.basics.TestNgBasics" tests="2" failures="0" timestamp="2020-09-10T18:27:39 IST" time="0.018" errors="0">
  <testcase name="facebookWallTest" time="0.008" classname="com.testng.basics.TestNgBasics"/>
  <system-out/>
  <testcase name="facebookTitleTest" time="0.010" classname="com.testng.basics.TestNgBasics"/>
  <system-out/>
</testsuite> <!-- com.testng.basics.TestNgBasics -->
