<?xml version="1.0" encoding="UTF-8"?>
<!-- Generated by org.testng.reporters.JUnitReportReporter -->
<testsuite skipped="0" hostname="IN-MH1LPW101320" name="com.testng.basics.ExceptionTimeOutTest" tests="1" failures="0" timestamp="2020-09-11T08:38:22 IST" time="0.016" errors="0">
  <testcase name="infiniteLoop" time="0.016" classname="com.testng.basics.ExceptionTimeOutTest"/>
  <system-out/>
</testsuite> <!-- com.testng.basics.ExceptionTimeOutTest -->
