<?xml version="1.0" encoding="UTF-8"?>
<!-- Generated by org.testng.reporters.JUnitReportReporter -->
<testsuite skipped="0" hostname="IN-MH1LPW101320" name="com.testng.basics.DependendsOnMethod" tests="3" failures="0" timestamp="2020-09-11T08:03:31 IST" time="0.008" errors="0">
  <testcase name="setUpBrowser" time="0.008" classname="com.testng.basics.DependendsOnMethod"/>
  <system-out/>
  <testcase name="closeBrowser" time="0.000" classname="com.testng.basics.DependendsOnMethod"/>
  <system-out/>
  <testcase name="loginToFaceBook" time="0.000" classname="com.testng.basics.DependendsOnMethod"/>
  <system-out/>
</testsuite> <!-- com.testng.basics.DependendsOnMethod -->
