<?xml version="1.0" encoding="UTF-8"?>
<!-- Generated by org.testng.reporters.JUnitReportReporter -->
<testsuite skipped="0" hostname="IN-MH1LPW101320" name="com.testng.basics.ExecutionOrder" tests="5" failures="0" timestamp="2020-09-10T22:31:28 IST" time="0.028" errors="0">
  <testcase name="aMethod" time="0.000" classname="com.testng.basics.ExecutionOrder"/>
  <system-out/>
  <testcase name="bMethod" time="0.008" classname="com.testng.basics.ExecutionOrder"/>
  <system-out/>
  <testcase name="cMethod" time="0.008" classname="com.testng.basics.ExecutionOrder"/>
  <system-out/>
  <testcase name="AMethod" time="0.012" classname="com.testng.basics.ExecutionOrder"/>
  <system-out/>
  <testcase name="methoda" time="0.000" classname="com.testng.basics.ExecutionOrder"/>
  <system-out/>
</testsuite> <!-- com.testng.basics.ExecutionOrder -->
