<?xml version="1.0" encoding="UTF-8"?>
<!-- Generated by org.testng.reporters.JUnitReportReporter -->
<testsuite skipped="0" hostname="IN-MH1LPW101320" name="com.testng.parameters.ParametrizationOne" tests="1" failures="0" timestamp="2020-09-11T13:20:57 IST" time="9.538" errors="0">
  <testcase name="setupTest" time="9.538" classname="com.testng.parameters.ParametrizationOne"/>
  <system-out/>
</testsuite> <!-- com.testng.parameters.ParametrizationOne -->
