<?xml version="1.0" encoding="UTF-8"?>
<!-- Generated by org.testng.reporters.JUnitReportReporter -->
<testsuite skipped="0" hostname="IN-MH1LPW101320" name="com.testng.basics.Groupings" tests="7" failures="0" timestamp="2020-09-11T07:01:06 IST" time="0.024" errors="0">
  <testcase name="bMethod" time="0.000" classname="com.testng.basics.Groupings"/>
  <system-out/>
  <testcase name="cMethod" time="0.008" classname="com.testng.basics.Groupings"/>
  <system-out/>
  <testcase name="testMethod" time="0.000" classname="com.testng.basics.Groupings"/>
  <system-out/>
  <testcase name="dMethod" time="0.000" classname="com.testng.basics.Groupings"/>
  <system-out/>
  <testcase name="aMethod" time="0.016" classname="com.testng.basics.Groupings"/>
  <system-out/>
  <testcase name="eMethod" time="0.000" classname="com.testng.basics.Groupings"/>
  <system-out/>
  <testcase name="fMethod" time="0.000" classname="com.testng.basics.Groupings"/>
  <system-out/>
</testsuite> <!-- com.testng.basics.Groupings -->
