<?xml version="1.0" encoding="UTF-8"?>
<!-- Generated by org.testng.reporters.JUnitReportReporter -->
<testsuite skipped="0" hostname="IN-MH1LPW101320" name="com.testng.basics.InvocationCount" tests="2" failures="0" timestamp="2020-09-11T11:38:53 IST" time="0.247" errors="0">
  <testcase name="runLoop" time="0.247" classname="com.testng.basics.InvocationCount"/>
  <system-out/>
  <testcase name="setUpBrowser" time="0.000" classname="com.testng.basics.InvocationCount"/>
  <system-out/>
</testsuite> <!-- com.testng.basics.InvocationCount -->
