<?xml version="1.0" encoding="UTF-8"?>
<!-- Generated by org.testng.reporters.JUnitReportReporter -->
<testsuite skipped="0" hostname="IN-MH1LPW101320" name="com.testng.groups.GroupingClassTwo" tests="3" failures="0" timestamp="2020-09-11T11:46:15 IST" time="0.032" errors="0">
  <testcase name="yyyMethod" time="0.008" classname="com.testng.groups.GroupingClassTwo"/>
  <system-out/>
  <testcase name="zzzMethod" time="0.008" classname="com.testng.groups.GroupingClassTwo"/>
  <system-out/>
  <testcase name="xxxMethod" time="0.016" classname="com.testng.groups.GroupingClassTwo"/>
  <system-out/>
</testsuite> <!-- com.testng.groups.GroupingClassTwo -->
