<?xml version="1.0" encoding="UTF-8"?>
<!-- Generated by org.testng.reporters.JUnitReportReporter -->
<testsuite skipped="0" hostname="IN-MH1LPW101320" name="com.pack.tests.Dummy" tests="1" failures="0" timestamp="2020-09-02T08:14:38 IST" time="0.019" errors="0">
  <testcase name="f" time="0.019" classname="com.pack.tests.Dummy"/>
  <system-out/>
</testsuite> <!-- com.pack.tests.Dummy -->
