<?xml version="1.0" encoding="UTF-8"?>
<!-- Generated by org.testng.reporters.JUnitReportReporter -->
<testsuite skipped="0" hostname="IN-MH1LPW101320" name="HandleWindowOne" tests="1" failures="0" timestamp="2020-09-03T21:04:37 IST" time="18.761" errors="0">
  <testcase name="test_CloseAllWindowsExceptMainWindow" time="18.761" classname="HandleWindowOne"/>
  <system-out/>
</testsuite> <!-- HandleWindowOne -->
