<?xml version="1.0" encoding="UTF-8"?>
<!-- Generated by org.testng.reporters.JUnitReportReporter -->
<testsuite skipped="0" hostname="IN-MH1LPW101320" name="TestClassOne" tests="1" failures="0" timestamp="2020-09-02T08:13:49 IST" time="0.035" errors="0">
  <testcase name="f" time="0.035" classname="TestClassOne"/>
  <system-out/>
</testsuite> <!-- TestClassOne -->
